frontend/build/app/intermediates/manifest_merge_blame_file/release/manifest-merger-blame-release-report.txt
1<?xml version="1.0" encoding="utf-8"?>
2<manifest xmlns:android="http://schemas.android.com/apk/res/android"
3    package="com.example.frontend"
4    android:versionCode="1"
5    android:versionName="1.0.0" >
6
7    <uses-sdk
8        android:minSdkVersion="21"
8-->src\main\AndroidManifest.xml
9        android:targetSdkVersion="33" />
9-->src\main\AndroidManifest.xml
10    <!-- <uses-feature -->
11    <!-- android:name="android.hardware.telephony" -->
12    <!-- android:required="false" /> -->
13    <uses-feature
13-->src\main\AndroidManifest.xml:5:5-7:36
14        android:name="android.hardware.camera"
14-->src\main\AndroidManifest.xml:6:9-47
15        android:required="false" />
15-->src\main\AndroidManifest.xml:7:9-33
16
17    <!--
18    Internet permissions do not affect the `permission_handler` plugin, but are required if your app needs access to
19    the internet.
20    -->
21    <uses-permission android:name="android.permission.INTERNET" />
21-->src\main\AndroidManifest.xml:13:5-66
21-->src\main\AndroidManifest.xml:13:22-64
22
23    <!-- Permissions options for the `storage` group -->
24    <uses-permission android:name="android.permission.WRITE_EXTERNAL_STORAGE" />
24-->src\main\AndroidManifest.xml:16:5-80
24-->src\main\AndroidManifest.xml:16:22-78
25    <!-- Read storage permission for Android 12 and lower -->
26    <uses-permission
26-->src\main\AndroidManifest.xml:18:5-79
27        android:name="android.permission.READ_EXTERNAL_STORAGE"
27-->src\main\AndroidManifest.xml:18:22-77
28        android:maxSdkVersion="32" />
28-->[:file_picker] AndroidManifest.xml:11:9-35
29    <!--
30      Granular media permissions for Android 13 and newer.
31      See https://developer.android.com/about/versions/13/behavior-changes-13#granular-media-permissions
32      for more information.
33    -->
34    <uses-permission android:name="android.permission.READ_MEDIA_IMAGES" />
34-->src\main\AndroidManifest.xml:24:5-76
34-->src\main\AndroidManifest.xml:24:22-73
35    <uses-permission android:name="android.permission.READ_MEDIA_VIDEO" />
35-->src\main\AndroidManifest.xml:25:5-75
35-->src\main\AndroidManifest.xml:25:22-72
36    <uses-permission android:name="android.permission.READ_MEDIA_AUDIO" />
36-->src\main\AndroidManifest.xml:26:5-75
36-->src\main\AndroidManifest.xml:26:22-72
37    <uses-permission android:name="android.permission-group.STORAGE" />
37-->src\main\AndroidManifest.xml:28:5-72
37-->src\main\AndroidManifest.xml:28:22-69
38
39    <!-- Permissions options for the `camera` group -->
40    <uses-permission android:name="android.permission.CAMERA" />
40-->src\main\AndroidManifest.xml:31:5-64
40-->src\main\AndroidManifest.xml:31:22-62
41
42    <!-- Permissions options for the `microphone` or `speech` group -->
43    <uses-permission android:name="android.permission.RECORD_AUDIO" />
43-->src\main\AndroidManifest.xml:34:5-71
43-->src\main\AndroidManifest.xml:34:22-68
44    <uses-permission android:name="android.permission.FOREGROUND_SERVICE" />
44-->src\main\AndroidManifest.xml:35:5-77
44-->src\main\AndroidManifest.xml:35:22-74
45    <!--
46         Required to query activities that can process text, see:
47         https://developer.android.com/training/package-visibility?hl=en and
48         https://developer.android.com/reference/android/content/Intent#ACTION_PROCESS_TEXT.
49
50         In particular, this is used by the Flutter engine in io.flutter.plugin.text.ProcessTextPlugin.
51    -->
52    <queries>
52-->src\main\AndroidManifest.xml:85:5-90:15
53        <intent>
53-->src\main\AndroidManifest.xml:86:9-89:18
54            <action android:name="android.intent.action.PROCESS_TEXT" />
54-->src\main\AndroidManifest.xml:87:13-72
54-->src\main\AndroidManifest.xml:87:21-70
55
56            <data android:mimeType="text/plain" />
56-->src\main\AndroidManifest.xml:88:13-50
56-->src\main\AndroidManifest.xml:88:19-48
57        </intent>
58        <intent>
58-->[:file_picker] AndroidManifest.xml:14:9-18:18
59            <action android:name="android.intent.action.GET_CONTENT" />
59-->[:file_picker] AndroidManifest.xml:15:13-72
59-->[:file_picker] AndroidManifest.xml:15:21-69
60
61            <data android:mimeType="*/*" />
61-->src\main\AndroidManifest.xml:88:13-50
61-->src\main\AndroidManifest.xml:88:19-48
62        </intent>
63        <intent>
63-->[androidx.media:media:1.4.1] AndroidManifest.xml:25:9-27:18
64            <action android:name="android.media.browse.MediaBrowserService" />
64-->[androidx.media:media:1.4.1] AndroidManifest.xml:26:13-79
64-->[androidx.media:media:1.4.1] AndroidManifest.xml:26:21-76
65        </intent>
66    </queries>
67
68    <uses-permission android:name="android.permission.BLUETOOTH" />
68-->[com.github.canardoux:flutter_sound_core:9.4.6] AndroidManifest.xml:11:5-68
68-->[com.github.canardoux:flutter_sound_core:9.4.6] AndroidManifest.xml:11:22-65
69    <uses-permission android:name="android.permission.WAKE_LOCK" />
69-->[com.github.canardoux:flutter_sound_core:9.4.6] AndroidManifest.xml:12:5-68
69-->[com.github.canardoux:flutter_sound_core:9.4.6] AndroidManifest.xml:12:22-65
70    <uses-permission android:name="android.permission.MODIFY_AUDIO_SETTINGS" />
70-->[com.github.canardoux:flutter_sound_core:9.4.6] AndroidManifest.xml:13:5-80
70-->[com.github.canardoux:flutter_sound_core:9.4.6] AndroidManifest.xml:13:22-77
71    <uses-permission android:name="android.permission.ACCESS_NETWORK_STATE" />
71-->[com.google.android.exoplayer:exoplayer-core:2.18.7] AndroidManifest.xml:24:5-79
71-->[com.google.android.exoplayer:exoplayer-core:2.18.7] AndroidManifest.xml:24:22-76
72
73    <application
74        android:name="io.flutter.app.FlutterMultiDexApplication"
74-->src\main\AndroidManifest.xml:39:9-42
75        android:appComponentFactory="androidx.core.app.CoreComponentFactory"
75-->[androidx.core:core:1.7.0] AndroidManifest.xml:24:18-86
76        android:icon="@mipmap/launcher_icon"
76-->src\main\AndroidManifest.xml:40:9-45
77        android:label="E:pilogue"
77-->src\main\AndroidManifest.xml:38:9-34
78        android:usesCleartextTraffic="true" >
78-->src\main\AndroidManifest.xml:41:9-44
79        <activity
79-->src\main\AndroidManifest.xml:42:9-73:20
80            android:name="com.example.frontend.MainActivity"
80-->src\main\AndroidManifest.xml:43:13-41
81            android:configChanges="orientation|keyboardHidden|keyboard|screenSize|smallestScreenSize|locale|layoutDirection|fontScale|screenLayout|density|uiMode"
81-->src\main\AndroidManifest.xml:47:13-163
82            android:exported="true"
82-->src\main\AndroidManifest.xml:44:13-36
83            android:hardwareAccelerated="true"
83-->src\main\AndroidManifest.xml:48:13-47
84            android:launchMode="singleTop"
84-->src\main\AndroidManifest.xml:45:13-43
85            android:theme="@style/LaunchTheme"
85-->src\main\AndroidManifest.xml:46:13-47
86            android:windowSoftInputMode="adjustResize" >
86-->src\main\AndroidManifest.xml:49:13-55
87
88            <!--
89                 Specifies an Android theme to apply to this Activity as soon as
90                 the Android process has started. This theme is visible to the user
91                 while the Flutter UI initializes. After that, this theme continues
92                 to determine the Window background behind the Flutter UI.
93            -->
94            <meta-data
94-->src\main\AndroidManifest.xml:54:13-57:17
95                android:name="io.flutter.embedding.android.NormalTheme"
95-->src\main\AndroidManifest.xml:55:15-70
96                android:resource="@style/NormalTheme" />
96-->src\main\AndroidManifest.xml:56:15-52
97            <!-- 네이버 로그인 관련 -->
98            <meta-data
98-->src\main\AndroidManifest.xml:59:13-61:53
99                android:name="com.naver.sdk.clientId"
99-->src\main\AndroidManifest.xml:60:17-54
100                android:value="@string/client_id" />
100-->src\main\AndroidManifest.xml:61:17-50
101            <meta-data
101-->src\main\AndroidManifest.xml:62:13-64:57
102                android:name="com.naver.sdk.clientSecret"
102-->src\main\AndroidManifest.xml:63:17-58
103                android:value="@string/client_secret" />
103-->src\main\AndroidManifest.xml:64:17-54
104            <meta-data
104-->src\main\AndroidManifest.xml:65:13-67:55
105                android:name="com.naver.sdk.clientName"
105-->src\main\AndroidManifest.xml:66:17-56
106                android:value="@string/client_name" />
106-->src\main\AndroidManifest.xml:67:17-52
107            <!-- 네이버 로그인 관련 -->
108            <intent-filter>
108-->src\main\AndroidManifest.xml:69:13-72:29
109                <action android:name="android.intent.action.MAIN" />
109-->src\main\AndroidManifest.xml:70:17-68
109-->src\main\AndroidManifest.xml:70:25-66
110
111                <category android:name="android.intent.category.LAUNCHER" />
111-->src\main\AndroidManifest.xml:71:17-76
111-->src\main\AndroidManifest.xml:71:27-74
112            </intent-filter>
113        </activity>
114        <!--
115             Don't delete the meta-data below.
116             This is used by the Flutter tool to generate GeneratedPluginRegistrant.java
117        -->
118        <meta-data
118-->src\main\AndroidManifest.xml:76:9-78:33
119            android:name="flutterEmbedding"
119-->src\main\AndroidManifest.xml:77:13-44
120            android:value="2" />
120-->src\main\AndroidManifest.xml:78:13-30
121
122        <uses-library
122-->[androidx.window:window:1.0.0-beta04] AndroidManifest.xml:25:9-27:40
123            android:name="androidx.window.extensions"
123-->[androidx.window:window:1.0.0-beta04] AndroidManifest.xml:26:13-54
124            android:required="false" />
124-->[androidx.window:window:1.0.0-beta04] AndroidManifest.xml:27:13-37
125        <uses-library
125-->[androidx.window:window:1.0.0-beta04] AndroidManifest.xml:28:9-30:40
126            android:name="androidx.window.sidecar"
126-->[androidx.window:window:1.0.0-beta04] AndroidManifest.xml:29:13-51
127            android:required="false" />
127-->[androidx.window:window:1.0.0-beta04] AndroidManifest.xml:30:13-37
128    </application>
129
130</manifest>